Started at Sat Sep 26 22:18:29 IST 2020
Processing MavenJob
Offering MavenJob to Project Build Discarder
Finished at Sat Sep 26 22:18:29 IST 2020. 70ms
Started at Sat Sep 26 23:18:29 IST 2020
Processing MavenJob
Offering MavenJob to Project Build Discarder
Processing NewProject
Offering NewProject to Project Build Discarder
Finished at Sat Sep 26 23:18:29 IST 2020. 174ms
Started at Sun Sep 27 00:18:29 IST 2020
Processing MavenJob
Offering MavenJob to Project Build Discarder
Processing NewProject
Offering NewProject to Project Build Discarder
Finished at Sun Sep 27 00:18:29 IST 2020. 71ms
Started at Sun Sep 27 01:18:33 IST 2020
Processing MavenJob
Offering MavenJob to Project Build Discarder
Processing NewProject
Offering NewProject to Project Build Discarder
Finished at Sun Sep 27 01:18:35 IST 2020. 1887ms
